<?xml version="1.0" encoding="UTF-8"?>
<!-- Generated by org.testng.reporters.JUnitReportReporter -->
<testsuite hostname="DESKTOP-QH3LO2S" failures="0" tests="6" name="Tests.EncryptionToolsTest" time="94.586" errors="0" timestamp="2023-08-14T18:38:59 EET" skipped="0">
  <testcase classname="Tests.EncryptionToolsTest" name="successful_text_encryption" time="19.040"/>
  <testcase classname="Tests.EncryptionToolsTest" name="Successful_Video_Encryption" time="11.205"/>
  <testcase classname="Tests.EncryptionToolsTest" name="successful_text_decryption_owner_with_noKey" time="25.434"/>
  <testcase classname="Tests.EncryptionToolsTest" name="successful_Video_decryption_owner_with_noKey" time="2.803"/>
  <testcase classname="Tests.EncryptionToolsTest" name="successful_text_decryption_recipient_with_noKey" time="34.068"/>
  <testcase classname="Tests.EncryptionToolsTest" name="successful_Video_decryption_recipient_with_noKey" time="2.036"/>
</testsuite> <!-- Tests.EncryptionToolsTest -->
